#
# There is insufficient memory for the Java Runtime Environment to continue.
# Native memory allocation (malloc) failed to allocate 804736 bytes for Chunk::new
# Possible reasons:
#   The system is out of physical RAM or swap space
#   In 32 bit mode, the process size limit was hit
# Possible solutions:
#   Reduce memory load on the system
#   Increase physical memory or swap space
#   Check if swap backing store is full
#   Use 64 bit Java on a 64 bit OS
#   Decrease Java heap size (-Xmx/-Xms)
#   Decrease number of Java threads
#   Decrease Java thread stack sizes (-Xss)
#   Set larger code cache with -XX:ReservedCodeCacheSize=
# This output file may be truncated or incomplete.
#
#  Out of Memory Error (allocation.cpp:390), pid=14796, tid=0x0000000000002500
#
# JRE version: Java(TM) SE Runtime Environment (8.0_112-b15) (build 1.8.0_112-b15)
# Java VM: Java HotSpot(TM) 64-Bit Server VM (25.112-b15 mixed mode windows-amd64 compressed oops)
# Failed to write core dump. Minidumps are not enabled by default on client versions of Windows
#

---------------  T H R E A D  ---------------

Current thread (0x000000001c81d000):  JavaThread "C2 CompilerThread1" daemon [_thread_in_native, id=9472, stack(0x000000001e360000,0x000000001e460000)]

Stack: [0x000000001e360000,0x000000001e460000]
[error occurred during error reporting (printing stack bounds), id 0xc0000005]

Native frames: (J=compiled Java code, j=interpreted, Vv=VM code, C=native code)


Current CompileTask:
C2:  12975  571       4       java.util.Formatter::parse (151 bytes)


---------------  P R O C E S S  ---------------

Java Threads: ( => current thread )
  0x000000001e8f3000 JavaThread "Thread-0" [_thread_in_native, id=16136, stack(0x000000001f0d0000,0x000000001f1d0000)]
  0x000000001df67000 JavaThread "Service Thread" daemon [_thread_blocked, id=11684, stack(0x000000001e560000,0x000000001e660000)]
  0x000000001df62800 JavaThread "C1 CompilerThread2" daemon [_thread_blocked, id=15924, stack(0x000000001e460000,0x000000001e560000)]
=>0x000000001c81d000 JavaThread "C2 CompilerThread1" daemon [_thread_in_native, id=9472, stack(0x000000001e360000,0x000000001e460000)]
  0x000000001c7c1000 JavaThread "C2 CompilerThread0" daemon [_thread_in_native, id=19204, stack(0x000000001de60000,0x000000001df60000)]
  0x000000001c7bf800 JavaThread "Attach Listener" daemon [_thread_blocked, id=17040, stack(0x000000001dd60000,0x000000001de60000)]
  0x000000001c7be000 JavaThread "Signal Dispatcher" daemon [_thread_blocked, id=17052, stack(0x000000001dc60000,0x000000001dd60000)]
  0x00000000031cd000 JavaThread "Finalizer" daemon [_thread_blocked, id=18940, stack(0x000000001da30000,0x000000001db30000)]
  0x00000000031c2000 JavaThread "Reference Handler" daemon [_thread_blocked, id=14860, stack(0x000000001d930000,0x000000001da30000)]
  0x00000000030d2800 JavaThread "main" [_thread_in_Java, id=21980, stack(0x0000000002f20000,0x0000000003020000)]

Other Threads:
  0x000000001c787000 VMThread [stack: 0x000000001d830000,0x000000001d930000] [id=10932]
  0x000000001df7c000 WatcherThread [stack: 0x000000001e660000,0x000000001e760000] [id=11016]

VM state:not at safepoint (normal execution)

VM Mutex/Monitor currently owned by a thread: None

Heap:
 PSYoungGen      total 76288K, used 18353K [0x000000076b300000, 0x0000000770800000, 0x00000007c0000000)
  eden space 65536K, 28% used [0x000000076b300000,0x000000076c4ec7e0,0x000000076f300000)
  from space 10752K, 0% used [0x000000076fd80000,0x000000076fd80000,0x0000000770800000)
  to   space 10752K, 0% used [0x000000076f300000,0x000000076f300000,0x000000076fd80000)
 ParOldGen       total 175104K, used 0K [0x00000006c1800000, 0x00000006cc300000, 0x000000076b300000)
  object space 175104K, 0% used [0x00000006c1800000,0x00000006c1800000,0x00000006cc300000)
 Metaspace       used 6850K, capacity 7004K, committed 7296K, reserved 1056768K
  class space    used 808K, capacity 820K, committed 896K, reserved 1048576K

Card table byte_map: [0x0000000012590000,0x0000000012d90000] byte_map_base: 0x000000000ef84000

Marking Bits: (ParMarkBitMap*) 0x000000005349a6d0
 Begin Bits: [0x00000000136e0000, 0x0000000017680000)
 End Bits:   [0x0000000017680000, 0x000000001b620000)

Polling page: 0x00000000016c0000

CodeCache: size=245760Kb used=2706Kb max_used=2717Kb free=243053Kb
 bounds [0x00000000031d0000, 0x0000000003480000, 0x00000000121d0000]
 total_blobs=859 nmethods=572 adapters=200
 compilation: enabled

Compilation events (10 events):
Event: 12.596 Thread 0x000000001c7c1000 nmethod 565 0x0000000003471cd0 code [0x0000000003471e20, 0x0000000003471f78]
Event: 12.598 Thread 0x000000001c81d000 nmethod 569 0x0000000003469150 code [0x00000000034692a0, 0x0000000003469458]
Event: 12.783 Thread 0x000000001c7c1000  570       4       java.util.Formatter$FormatSpecifier::checkGeneral (114 bytes)
Event: 12.783 Thread 0x000000001c81d000  571       4       java.util.Formatter::parse (151 bytes)
Event: 12.785 Thread 0x000000001c7c1000 nmethod 570 0x0000000003468b90 code [0x0000000003468d00, 0x0000000003468f98]
Event: 12.785 Thread 0x000000001c7c1000  572   !   4       java.util.regex.Pattern::matcher (44 bytes)
Event: 12.790 Thread 0x000000001c7c1000 nmethod 572 0x000000000346a350 code [0x000000000346a4c0, 0x000000000346a918]
Event: 12.971 Thread 0x000000001c7c1000  573       4       sun.util.locale.provider.JRELocaleProviderAdapter::getLocaleResources (51 bytes)
Event: 12.974 Thread 0x000000001c7c1000 nmethod 573 0x0000000003473150 code [0x00000000034732a0, 0x00000000034734b8]
Event: 12.974 Thread 0x000000001c7c1000  574   !   4       java.lang.StringCoding$StringDecoder::decode (179 bytes)

GC Heap History (0 events):
No events

Deoptimization events (10 events):
Event: 0.452 Thread 0x00000000030d2800 Uncommon trap: reason=unstable_if action=reinterpret pc=0x000000000335f048 method=sun.misc.MetaIndex.mayContain(Ljava/lang/String;)Z @ 38
Event: 2.638 Thread 0x00000000030d2800 Uncommon trap: reason=unstable_if action=reinterpret pc=0x00000000033c2d40 method=java.util.concurrent.ConcurrentLinkedQueue.poll()Ljava/lang/Object; @ 61
Event: 4.094 Thread 0x00000000030d2800 Uncommon trap: reason=unstable_if action=reinterpret pc=0x00000000033d2dd8 method=java.util.concurrent.ConcurrentLinkedQueue.updateHead(Ljava/util/concurrent/ConcurrentLinkedQueue$Node;Ljava/util/concurrent/ConcurrentLinkedQueue$Node;)V @ 2
Event: 4.094 Thread 0x00000000030d2800 Uncommon trap: reason=unstable_if action=reinterpret pc=0x00000000033c10a8 method=java.util.concurrent.ConcurrentLinkedQueue.poll()Ljava/lang/Object; @ 61
Event: 8.837 Thread 0x00000000030d2800 Uncommon trap: reason=class_check action=maybe_recompile pc=0x000000000344b2e8 method=java.util.regex.Pattern$BmpCharProperty.match(Ljava/util/regex/Matcher;ILjava/lang/CharSequence;)Z @ 31
Event: 8.837 Thread 0x00000000030d2800 Uncommon trap: reason=unstable_if action=reinterpret pc=0x000000000344dd84 method=java.util.regex.Pattern$Curly.match(Ljava/util/regex/Matcher;ILjava/lang/CharSequence;)Z @ 22
Event: 8.838 Thread 0x00000000030d2800 Uncommon trap: reason=class_check action=maybe_recompile pc=0x000000000344b2e8 method=java.util.regex.Pattern$BmpCharProperty.match(Ljava/util/regex/Matcher;ILjava/lang/CharSequence;)Z @ 31
Event: 8.838 Thread 0x00000000030d2800 Uncommon trap: reason=class_check action=maybe_recompile pc=0x000000000344b2e8 method=java.util.regex.Pattern$BmpCharProperty.match(Ljava/util/regex/Matcher;ILjava/lang/CharSequence;)Z @ 31
Event: 8.838 Thread 0x00000000030d2800 Uncommon trap: reason=class_check action=maybe_recompile pc=0x000000000344b2e8 method=java.util.regex.Pattern$BmpCharProperty.match(Ljava/util/regex/Matcher;ILjava/lang/CharSequence;)Z @ 31
Event: 8.838 Thread 0x00000000030d2800 Uncommon trap: reason=unstable_if action=reinterpret pc=0x00000000034491d0 method=java.util.regex.Matcher.search(I)Z @ 91

Internal exceptions (7 events):
Event: 0.040 Thread 0x00000000030d2800 Exception <a 'java/lang/NoSuchMethodError': Method sun.misc.Unsafe.defineClass(Ljava/lang/String;[BII)Ljava/lang/Class; name or signature does not match> (0x000000076b307c78) thrown at [C:\re\workspace\8-2-build-windows-amd64-cygwin\jdk8u112\7884\hotspot\
Event: 0.040 Thread 0x00000000030d2800 Exception <a 'java/lang/NoSuchMethodError': Method sun.misc.Unsafe.prefetchRead(Ljava/lang/Object;J)V name or signature does not match> (0x000000076b307f60) thrown at [C:\re\workspace\8-2-build-windows-amd64-cygwin\jdk8u112\7884\hotspot\src\share\vm\prims
Event: 0.218 Thread 0x00000000030d2800 Exception <a 'java/security/PrivilegedActionException'> (0x000000076b5a32a0) thrown at [C:\re\workspace\8-2-build-windows-amd64-cygwin\jdk8u112\7884\hotspot\src\share\vm\prims\jvm.cpp, line 1390]
Event: 0.218 Thread 0x00000000030d2800 Exception <a 'java/security/PrivilegedActionException'> (0x000000076b5a34b0) thrown at [C:\re\workspace\8-2-build-windows-amd64-cygwin\jdk8u112\7884\hotspot\src\share\vm\prims\jvm.cpp, line 1390]
Event: 0.219 Thread 0x00000000030d2800 Exception <a 'java/security/PrivilegedActionException'> (0x000000076b5a66a8) thrown at [C:\re\workspace\8-2-build-windows-amd64-cygwin\jdk8u112\7884\hotspot\src\share\vm\prims\jvm.cpp, line 1390]
Event: 0.219 Thread 0x00000000030d2800 Exception <a 'java/security/PrivilegedActionException'> (0x000000076b5a68b8) thrown at [C:\re\workspace\8-2-build-windows-amd64-cygwin\jdk8u112\7884\hotspot\src\share\vm\prims\jvm.cpp, line 1390]
Event: 0.257 Thread 0x00000000030d2800 Exception <a 'java/io/FileNotFoundException'> (0x000000076b6f8808) thrown at [C:\re\workspace\8-2-build-windows-amd64-cygwin\jdk8u112\7884\hotspot\src\share\vm\prims\jni.cpp, line 709]

Events (10 events):
Event: 8.838 loading class java/util/Formatter$FixedString done
Event: 8.838 Executing VM operation: Deoptimize
Event: 8.838 Executing VM operation: Deoptimize done
Event: 8.838 Thread 0x00000000030d2800 Uncommon trap: trap_request=0xffffff65 fr.pc=0x00000000034491d0
Event: 8.838 Thread 0x00000000030d2800 DEOPT PACKING pc=0x00000000034491d0 sp=0x000000000301ebe0
Event: 8.838 Thread 0x00000000030d2800 DEOPT UNPACKING pc=0x000000000321582a sp=0x000000000301ebb0 mode 2
Event: 8.838 Thread 0x00000000030d2800 DEOPT PACKING pc=0x00000000034380fc sp=0x000000000301ed80
Event: 8.838 Thread 0x00000000030d2800 DEOPT UNPACKING pc=0x000000000321787f sp=0x000000000301eac8 mode 0
Event: 10.897 Thread 0x000000001e8f3000 DEOPT PACKING pc=0x0000000003459d59 sp=0x000000001f1cf200
Event: 10.897 Thread 0x000000001e8f3000 DEOPT UNPACKING pc=0x000000000321787f sp=0x000000001f1cf078 mode 0


Dynamic libraries:
0x00007ff654ba0000 - 0x00007ff654bd7000 	C:\Software\Java\jdk\64bits\sun\jdk8\bin\javaw.exe
0x00007ffb9ce90000 - 0x00007ffb9d085000 	C:\WINDOWS\SYSTEM32\ntdll.dll
0x00007ffb77c90000 - 0x00007ffb77ca2000 	C:\Program Files\Avast Software\Avast\aswhook.dll
0x00007ffb9bf00000 - 0x00007ffb9bfbd000 	C:\WINDOWS\System32\KERNEL32.DLL
0x00007ffb9a620000 - 0x00007ffb9a8e9000 	C:\WINDOWS\System32\KERNELBASE.dll
0x00007ffb9b9a0000 - 0x00007ffb9ba4c000 	C:\WINDOWS\System32\ADVAPI32.dll
0x00007ffb9b6b0000 - 0x00007ffb9b74e000 	C:\WINDOWS\System32\msvcrt.dll
0x00007ffb9b7b0000 - 0x00007ffb9b84c000 	C:\WINDOWS\System32\sechost.dll
0x00007ffb9ba50000 - 0x00007ffb9bb7b000 	C:\WINDOWS\System32\RPCRT4.dll
0x00007ffb9c1f0000 - 0x00007ffb9c390000 	C:\WINDOWS\System32\USER32.dll
0x00007ffb9aec0000 - 0x00007ffb9aee2000 	C:\WINDOWS\System32\win32u.dll
0x00007ffb9cdc0000 - 0x00007ffb9cdea000 	C:\WINDOWS\System32\GDI32.dll
0x00007ffb9ad10000 - 0x00007ffb9ae1b000 	C:\WINDOWS\System32\gdi32full.dll
0x00007ffb9ae20000 - 0x00007ffb9aebd000 	C:\WINDOWS\System32\msvcp_win.dll
0x00007ffb9a8f0000 - 0x00007ffb9a9f0000 	C:\WINDOWS\System32\ucrtbase.dll
0x00007ffb7e9a0000 - 0x00007ffb7ec3a000 	C:\WINDOWS\WinSxS\amd64_microsoft.windows.common-controls_6595b64144ccf1df_6.0.19041.844_none_ca00b6081b84eb1d\COMCTL32.dll
0x00007ffb9be60000 - 0x00007ffb9be90000 	C:\WINDOWS\System32\IMM32.DLL
0x00000000552b0000 - 0x0000000055382000 	C:\Software\Java\jdk\64bits\sun\jdk8\jre\bin\msvcr100.dll
0x0000000052c80000 - 0x000000005351a000 	C:\Software\Java\jdk\64bits\sun\jdk8\jre\bin\server\jvm.dll
0x00007ffb9bc70000 - 0x00007ffb9bc78000 	C:\WINDOWS\System32\PSAPI.DLL
0x00007ffb98da0000 - 0x00007ffb98da9000 	C:\WINDOWS\SYSTEM32\WSOCK32.dll
0x00007ffb8abd0000 - 0x00007ffb8abf7000 	C:\WINDOWS\SYSTEM32\WINMM.dll
0x00007ffb9b640000 - 0x00007ffb9b6ab000 	C:\WINDOWS\System32\WS2_32.dll
0x00007ffb92ae0000 - 0x00007ffb92aea000 	C:\WINDOWS\SYSTEM32\VERSION.dll
0x0000000052b90000 - 0x0000000052b9f000 	C:\Software\Java\jdk\64bits\sun\jdk8\jre\bin\verify.dll
0x0000000052b60000 - 0x0000000052b89000 	C:\Software\Java\jdk\64bits\sun\jdk8\jre\bin\java.dll
0x0000000052b40000 - 0x0000000052b56000 	C:\Software\Java\jdk\64bits\sun\jdk8\jre\bin\zip.dll
0x00007ffb9aef0000 - 0x00007ffb9b632000 	C:\WINDOWS\System32\SHELL32.dll
0x00007ffb98340000 - 0x00007ffb98ad0000 	C:\WINDOWS\SYSTEM32\windows.storage.dll
0x00007ffb9c390000 - 0x00007ffb9c6e5000 	C:\WINDOWS\System32\combase.dll
0x00007ffb9a040000 - 0x00007ffb9a06c000 	C:\WINDOWS\SYSTEM32\Wldp.dll
0x00007ffb9b850000 - 0x00007ffb9b8fe000 	C:\WINDOWS\System32\SHCORE.dll
0x00007ffb9bea0000 - 0x00007ffb9bef5000 	C:\WINDOWS\System32\shlwapi.dll
0x00007ffb9a510000 - 0x00007ffb9a52f000 	C:\WINDOWS\SYSTEM32\profapi.dll
0x00007ffb8a190000 - 0x00007ffb8a1b5000 	C:\Users\gog\AppData\Local\Temp\jSerialComm\1617457753421-jSerialComm.dll
0x00007ffb9c810000 - 0x00007ffb9cc79000 	C:\WINDOWS\System32\SETUPAPI.dll
0x00007ffb9a5d0000 - 0x00007ffb9a61e000 	C:\WINDOWS\System32\cfgmgr32.dll
0x00007ffb9ab50000 - 0x00007ffb9ab77000 	C:\WINDOWS\System32\bcrypt.dll
0x00007ffb9a380000 - 0x00007ffb9a3ac000 	C:\WINDOWS\SYSTEM32\DEVOBJ.dll
0x00007ffb9ac00000 - 0x00007ffb9ac60000 	C:\WINDOWS\System32\WINTRUST.dll
0x00007ffb9a9f0000 - 0x00007ffb9ab4f000 	C:\WINDOWS\System32\CRYPT32.dll
0x00007ffb9a1c0000 - 0x00007ffb9a1d2000 	C:\WINDOWS\SYSTEM32\MSASN1.dll

VM Arguments:
jvm_args: -Dfile.encoding=Cp1252 
java_command: org.gog.datatrace.tester.CompteurAmiSuperTracer
java_class_path (initial): C:\Software\Java\jdk\64bits\sun\jdk8\jre\lib\resources.jar;C:\Software\Java\jdk\64bits\sun\jdk8\jre\lib\rt.jar;C:\Software\Java\jdk\64bits\sun\jdk8\jre\lib\jsse.jar;C:\Software\Java\jdk\64bits\sun\jdk8\jre\lib\jce.jar;C:\Software\Java\jdk\64bits\sun\jdk8\jre\lib\charsets.jar;C:\Software\Java\jdk\64bits\sun\jdk8\jre\lib\jfr.jar;C:\Software\Java\jdk\64bits\sun\jdk8\jre\lib\ext\access-bridge-64.jar;C:\Software\Java\jdk\64bits\sun\jdk8\jre\lib\ext\cldrdata.jar;C:\Software\Java\jdk\64bits\sun\jdk8\jre\lib\ext\dnsns.jar;C:\Software\Java\jdk\64bits\sun\jdk8\jre\lib\ext\jaccess.jar;C:\Software\Java\jdk\64bits\sun\jdk8\jre\lib\ext\jfxrt.jar;C:\Software\Java\jdk\64bits\sun\jdk8\jre\lib\ext\localedata.jar;C:\Software\Java\jdk\64bits\sun\jdk8\jre\lib\ext\nashorn.jar;C:\Software\Java\jdk\64bits\sun\jdk8\jre\lib\ext\sunec.jar;C:\Software\Java\jdk\64bits\sun\jdk8\jre\lib\ext\sunjce_provider.jar;C:\Software\Java\jdk\64bits\sun\jdk8\jre\lib\ext\sunmscapi.jar;C:\Software\Java\jdk\64bits\sun\jdk8\jre\lib\ext\sunpkcs11.jar;C:\Software\Java\jdk\64bits\sun\jdk8\jre\lib\ext\zipfs.jar;D:\Dev\workspaces\Arduino\AllumageElectroniqueOutils\Data-Trace-Receiver\target\classes;C:\Users\gog\.m2\repository\com\fazecast\jSerialComm\2.6.1\jSerialComm-2.6.1.jar;C:\Users\gog\.m2\repository\ch\qos\logback\logback-classic\1.3.0-alpha4\logback-classic-1.3.0-alpha4.jar;C:\Users\gog\.m2\repository\ch\qos\logback\logback-core\1.3.0-alpha4\logback-core-1.3.0-alpha4.jar;C:\Users\gog\.m2\repository\org\slf4j\slf4j-api\1.8.0-beta1\slf4j-api-1.8.0-beta1.jar;C:\Users\gog\.m2\repository\com\sun\mail\javax.mail\1.6.0\javax.mail-1.6.0.jar;C:\Users\gog\.m2\repository\commons-codec\commons-codec\1.2\commons-codec-1.2.jar
Launcher Type: SUN_STANDARD

Environment Variables:
JAVA_HOME=C:\Software\Java\jdk\64bits\sun\jdk8
CLASSPATH=C:\Software\Java\jdk\64bits\sun\jdk8\jre\lib\rt.jar;
PATH=C:/Software/Java/jdk/64bits/sun/jdk8/bin/../jre/bin/server;C:/Software/Java/jdk/64bits/sun/jdk8/bin/../jre/bin;C:/Software/Java/jdk/64bits/sun/jdk8/bin/../jre/lib/amd64;C:\Software\Java\jdk\64bits\sun\jdk8\bin;C:\Software\Python\3.7\Scripts\;C:\Software\Python\3.7\;C:\Program Files (x86)\Common Files\Oracle\Java\javapath;C:\Program Files (x86)\Intel\iCLS Client\;C:\Program Files\Intel\iCLS Client\;C:\Windows\system32;C:\Windows;C:\Windows\System32\Wbem;C:\Windows\System32\WindowsPowerShell\v1.0\;C:\Program Files (x86)\Intel\Intel(R) Management Engine Components\DAL;C:\Program Files\Intel\Intel(R) Management Engine Components\DAL;C:\Program Files (x86)\Intel\Intel(R) Management Engine Components\IPT;C:\Program Files\Intel\Intel(R) Management Engine Components\IPT;C:\Program Files (x86)\NVIDIA Corporation\PhysX\Common;C:\WINDOWS\system32;C:\WINDOWS;C:\WINDOWS\System32\Wbem;C:\WINDOWS\System32\WindowsPowerShell\v1.0\;C:\Program Files\Intel\WiFi\bin\;C:\Program Files\Common Files\Intel\WirelessCommon\;C:\Program Files\Java\jdk1.8.0_181\bin;C:\WINDOWS\System32\OpenSSH\;D:\Software\nodejs\;D:\Software\Gradle\bin\;D:\Software\Android\Sdk\platform-tools\;D:\Software\Android\Sdk\tools\;C:\Software\Git\cmd;C:\Program Files\NVIDIA Corporation\NVIDIA NvDLISR;C:\WINDOWS\system32;C:\WINDOWS;C:\WINDOWS\System32\Wbem;C:\WINDOWS\System32\WindowsPowerShell\v1.0\;C:\WINDOWS\System32\OpenSSH\;C:\Users\gog\AppData\Local\Microsoft\WindowsApps;C:\Users\gog\AppData\Roaming\npm;C:\Users\gog\AppData\Local\Microsoft\WindowsApps;C:\Software\Microsoft VS Code\bin;;C:\Software\Eclipse\Launchers;
USERNAME=gog
OS=Windows_NT
PROCESSOR_IDENTIFIER=Intel64 Family 6 Model 94 Stepping 3, GenuineIntel



---------------  S Y S T E M  ---------------

OS: Windows 10.0 , 64 bit Build 19041 (10.0.19041.804)

CPU:total 4 (4 cores per cpu, 1 threads per core) family 6 model 94 stepping 3, cmov, cx8, fxsr, mmx, sse, sse2, sse3, ssse3, sse4.1, sse4.2, popcnt, avx, avx2, aes, clmul, erms, rtm, 3dnowpref, lzcnt, tsc, tscinvbit, bmi1, bmi2, adx

Memory: 4k page, physical 16673648k(4854216k free), swap 19819376k(5676k free)

vm_info: Java HotSpot(TM) 64-Bit Server VM (25.112-b15) for windows-amd64 JRE (1.8.0_112-b15), built on Sep 22 2016 21:31:56 by "java_re" with MS VC++ 10.0 (VS2010)

time: Sat Apr 03 15:49:25 2021
elapsed time: 12 seconds (0d 0h 0m 12s)

